(---------------------------------------------------------------------)
(                                                                     )
(    Parameter File READ                                              )
(                                                                     )
(    Drawing          : 0603.dra                                      )
(    Software Version : 17.4S039                                      )
(    Date/Time        : Thu Jan  9 11:12:53 2025                      )
(                                                                     )
(---------------------------------------------------------------------)


	Paramfile Name : D:/OrcadUsers/DefaultSet/NewParamNoArtWork.prm
	Layout Name   : 0603.dra

Reading...parameter_header:
Reading...db_common_type:
Reading...grid_parms_type:
Reading...UnusedPadsSuppressionSettings:
Reading...color_table_table:
Reading...ColorParmType:
Reading...text_size_table:
Reading...ministat_parm_type:
Reading...ifp_parm_type:
Reading...ats_parm_type:


..... Total number of errors: 0.
..... Total number of warnings: 0.
